{"uuid":"93a2b931-698f-442c-ad20-5ff055e923f7","name":"Scenario: Login with valid credentials-scn_id:s7","children":["635b2e1e-3099-45b7-a09e-27055071fe92"],"befores":[{"name":"com.example.demo.Hooks.launchApp()","status":"passed","stage":"finished","steps":[],"attachments":[],"parameters":[],"start":1659459106053,"stop":1659459106202},{"name":"com.example.demo.Hooks.testExecution(io.cucumber.java.Scenario)","status":"passed","stage":"finished","steps":[],"attachments":[],"parameters":[],"start":1659459106218,"stop":1659459106224},{"name":"com.example.demo.UI.UIStepdefs.setTestData()","status":"passed","stage":"finished","steps":[],"attachments":[],"parameters":[],"start":1659459106226,"stop":1659459106307},{"name":"com.example.demo.App.AppStepDefs.setAppTestData()","status":"passed","stage":"finished","steps":[],"attachments":[],"parameters":[],"start":1659459106312,"stop":1659459106374}],"afters":[{"name":"com.example.demo.Hooks.takeScreenshot(io.cucumber.java.Scenario)","status":"broken","statusDetails":{"known":false,"muted":false,"flaky":false,"message":"AFTER is failed: The driver server has unexpectedly died!\nBuild info: version: '4.1.4', revision: '535d840ee2'\nSystem info: host: 'FVFH83HDQ05N', ip: '2401:4900:1ce1:730b:312b:2e3a:d158:9e1b%en0', os.name: 'Mac OS X', os.arch: 'x86_64', os.version: '11.4', java.version: '11.0.12'\nDriver info: org.openqa.selenium.chrome.ChromeDriver\nCommand: [da40f69eafca82b4fcba15ff29cb5d19, screenshot {}]\nCapabilities {acceptInsecureCerts: false, browserName: chrome, browserVersion: 103.0.5060.134, chrome: {chromedriverVersion: 103.0.5060.53 (a1711811edd7..., userDataDir: /var/folders/jp/dxj8h811427...}, goog:chromeOptions: {debuggerAddress: localhost:53732}, javascriptEnabled: true, networkConnectionEnabled: false, pageLoadStrategy: normal, platform: MAC, platformName: MAC, proxy: Proxy(), se:cdp: ws://localhost:53732/devtoo..., se:cdpVersion: 103.0.5060.134, setWindowRect: true, strictFileInteractability: false, timeouts: {implicit: 0, pageLoad: 300000, script: 30000}, unhandledPromptBehavior: dismiss and notify, webauthn:extension:credBlob: true, webauthn:extension:largeBlob: true, webauthn:virtualAuthenticators: true}","trace":"org.openqa.selenium.WebDriverException: The driver server has unexpectedly died!\nBuild info: version: '4.1.4', revision: '535d840ee2'\nSystem info: host: 'FVFH83HDQ05N', ip: '2401:4900:1ce1:730b:312b:2e3a:d158:9e1b%en0', os.name: 'Mac OS X', os.arch: 'x86_64', os.version: '11.4', java.version: '11.0.12'\nDriver info: org.openqa.selenium.chrome.ChromeDriver\nCommand: [da40f69eafca82b4fcba15ff29cb5d19, screenshot {}]\nCapabilities {acceptInsecureCerts: false, browserName: chrome, browserVersion: 103.0.5060.134, chrome: {chromedriverVersion: 103.0.5060.53 (a1711811edd7..., userDataDir: /var/folders/jp/dxj8h811427...}, goog:chromeOptions: {debuggerAddress: localhost:53732}, javascriptEnabled: true, networkConnectionEnabled: false, pageLoadStrategy: normal, platform: MAC, platformName: MAC, proxy: Proxy(), se:cdp: ws://localhost:53732/devtoo..., se:cdpVersion: 103.0.5060.134, setWindowRect: true, strictFileInteractability: false, timeouts: {implicit: 0, pageLoad: 300000, script: 30000}, unhandledPromptBehavior: dismiss and notify, webauthn:extension:credBlob: true, webauthn:extension:largeBlob: true, webauthn:virtualAuthenticators: true}\n\tat org.openqa.selenium.remote.service.DriverCommandExecutor.execute(DriverCommandExecutor.java:148)\n\tat org.openqa.selenium.remote.RemoteWebDriver.execute(RemoteWebDriver.java:567)\n\tat org.openqa.selenium.remote.RemoteWebDriver.execute(RemoteWebDriver.java:622)\n\tat org.openqa.selenium.remote.RemoteWebDriver.execute(RemoteWebDriver.java:626)\n\tat org.openqa.selenium.remote.RemoteWebDriver.getScreenshotAs(RemoteWebDriver.java:351)\n\tat com.example.demo.Hooks.takeScreenshot(Hooks.java:49)\nCaused by: java.io.UncheckedIOException: java.net.ConnectException: Connection refused: localhost/0:0:0:0:0:0:0:1:61796\n\tat org.openqa.selenium.remote.http.netty.NettyHttpHandler.makeCall(NettyHttpHandler.java:73)\n\tat org.openqa.selenium.remote.http.AddSeleniumUserAgent.lambda$apply$0(AddSeleniumUserAgent.java:42)\n\tat org.openqa.selenium.remote.http.Filter.lambda$andFinally$1(Filter.java:56)\n\tat org.openqa.selenium.remote.http.netty.NettyHttpHandler.execute(NettyHttpHandler.java:49)\n\tat org.openqa.selenium.remote.http.AddSeleniumUserAgent.lambda$apply$0(AddSeleniumUserAgent.java:42)\n\tat org.openqa.selenium.remote.http.Filter.lambda$andFinally$1(Filter.java:56)\n\tat org.openqa.selenium.remote.http.netty.NettyClient.execute(NettyClient.java:97)\n\tat org.openqa.selenium.remote.HttpCommandExecutor.execute(HttpCommandExecutor.java:181)\n\tat org.openqa.selenium.remote.service.DriverCommandExecutor.invokeExecute(DriverCommandExecutor.java:167)\n\tat org.openqa.selenium.remote.service.DriverCommandExecutor.execute(DriverCommandExecutor.java:142)\n\tat org.openqa.selenium.remote.RemoteWebDriver.execute(RemoteWebDriver.java:567)\n\tat org.openqa.selenium.remote.RemoteWebDriver.execute(RemoteWebDriver.java:622)\n\tat org.openqa.selenium.remote.RemoteWebDriver.execute(RemoteWebDriver.java:626)\n\tat org.openqa.selenium.remote.RemoteWebDriver.getScreenshotAs(RemoteWebDriver.java:351)\n\tat com.example.demo.Hooks.takeScreenshot(Hooks.java:49)\n\tat java.base/jdk.internal.reflect.NativeMethodAccessorImpl.invoke0(Native Method)\n\tat java.base/jdk.internal.reflect.NativeMethodAccessorImpl.invoke(NativeMethodAccessorImpl.java:62)\n\tat java.base/jdk.internal.reflect.DelegatingMethodAccessorImpl.invoke(DelegatingMethodAccessorImpl.java:43)\n\tat java.base/java.lang.reflect.Method.invoke(Method.java:566)\n\tat io.cucumber.java.Invoker.doInvoke(Invoker.java:66)\n\tat io.cucumber.java.Invoker.invoke(Invoker.java:24)\n\tat io.cucumber.java.AbstractGlueDefinition.invokeMethod(AbstractGlueDefinition.java:47)\n\tat io.cucumber.java.JavaHookDefinition.execute(JavaHookDefinition.java:64)\n\tat io.cucumber.core.runner.CoreHookDefinition.execute(CoreHookDefinition.java:46)\n\tat io.cucumber.core.runner.HookDefinitionMatch.runStep(HookDefinitionMatch.java:21)\n\tat io.cucumber.core.runner.ExecutionMode$1.execute(ExecutionMode.java:10)\n\tat io.cucumber.core.runner.TestStep.executeStep(TestStep.java:85)\n\tat io.cucumber.core.runner.TestStep.run(TestStep.java:57)\n\tat io.cucumber.core.runner.TestCase.run(TestCase.java:90)\n\tat io.cucumber.core.runner.Runner.runPickle(Runner.java:75)\n\tat io.cucumber.testng.TestNGCucumberRunner.lambda$runScenario$1(TestNGCucumberRunner.java:132)\n\tat io.cucumber.core.runtime.CucumberExecutionContext.lambda$runTestCase$5(CucumberExecutionContext.java:129)\n\tat io.cucumber.core.runtime.RethrowingThrowableCollector.executeAndThrow(RethrowingThrowableCollector.java:23)\n\tat io.cucumber.core.runtime.CucumberExecutionContext.runTestCase(CucumberExecutionContext.java:129)\n\tat io.cucumber.testng.TestNGCucumberRunner.runScenario(TestNGCucumberRunner.java:129)\n\tat io.cucumber.testng.AbstractTestNGCucumberTests.runScenario(AbstractTestNGCucumberTests.java:35)\n\tat java.base/jdk.internal.reflect.NativeMethodAccessorImpl.invoke0(Native Method)\n\tat java.base/jdk.internal.reflect.NativeMethodAccessorImpl.invoke(NativeMethodAccessorImpl.java:62)\n\tat java.base/jdk.internal.reflect.DelegatingMethodAccessorImpl.invoke(DelegatingMethodAccessorImpl.java:43)\n\tat java.base/java.lang.reflect.Method.invoke(Method.java:566)\n\tat org.testng.internal.invokers.MethodInvocationHelper.invokeMethod(MethodInvocationHelper.java:139)\n\tat org.testng.internal.invokers.TestInvoker.invokeMethod(TestInvoker.java:677)\n\tat org.testng.internal.invokers.TestInvoker.invokeTestMethod(TestInvoker.java:221)\n\tat org.testng.internal.invokers.TestMethodWithDataProviderMethodWorker.call(TestMethodWithDataProviderMethodWorker.java:80)\n\tat org.testng.internal.invokers.TestMethodWithDataProviderMethodWorker.call(TestMethodWithDataProviderMethodWorker.java:17)\n\tat java.base/java.util.concurrent.FutureTask.run(FutureTask.java:264)\n\tat java.base/java.util.concurrent.Executors$RunnableAdapter.call(Executors.java:515)\n\tat java.base/java.util.concurrent.FutureTask.run(FutureTask.java:264)\n\tat java.base/java.util.concurrent.ThreadPoolExecutor.runWorker(ThreadPoolExecutor.java:1128)\n\tat java.base/java.util.concurrent.ThreadPoolExecutor$Worker.run(ThreadPoolExecutor.java:628)\n\tat java.base/java.lang.Thread.run(Thread.java:834)\nCaused by: java.net.ConnectException: Connection refused: localhost/0:0:0:0:0:0:0:1:61796\n\tat org.asynchttpclient.netty.channel.NettyConnectListener.onFailure(NettyConnectListener.java:179)\n\tat org.asynchttpclient.netty.channel.NettyChannelConnector$1.onFailure(NettyChannelConnector.java:108)\n\tat org.asynchttpclient.netty.SimpleChannelFutureListener.operationComplete(SimpleChannelFutureListener.java:28)\n\tat org.asynchttpclient.netty.SimpleChannelFutureListener.operationComplete(SimpleChannelFutureListener.java:20)\n\tat io.netty.util.concurrent.DefaultPromise.notifyListener0(DefaultPromise.java:578)\n\tat io.netty.util.concurrent.DefaultPromise.notifyListeners0(DefaultPromise.java:571)\n\tat io.netty.util.concurrent.DefaultPromise.notifyListenersNow(DefaultPromise.java:550)\n\tat io.netty.util.concurrent.DefaultPromise.notifyListeners(DefaultPromise.java:491)\n\tat io.netty.util.concurrent.DefaultPromise.setValue0(DefaultPromise.java:616)\n\tat io.netty.util.concurrent.DefaultPromise.setFailure0(DefaultPromise.java:609)\n\tat io.netty.util.concurrent.DefaultPromise.tryFailure(DefaultPromise.java:117)\n\tat io.netty.channel.nio.AbstractNioChannel$AbstractNioUnsafe.fulfillConnectPromise(AbstractNioChannel.java:321)\n\tat io.netty.channel.nio.AbstractNioChannel$AbstractNioUnsafe.finishConnect(AbstractNioChannel.java:337)\n\tat io.netty.channel.nio.NioEventLoop.processSelectedKey(NioEventLoop.java:710)\n\tat io.netty.channel.nio.NioEventLoop.processSelectedKeysOptimized(NioEventLoop.java:658)\n\tat io.netty.channel.nio.NioEventLoop.processSelectedKeys(NioEventLoop.java:584)\n\tat io.netty.channel.nio.NioEventLoop.run(NioEventLoop.java:496)\n\tat io.netty.util.concurrent.SingleThreadEventExecutor$4.run(SingleThreadEventExecutor.java:997)\n\tat io.netty.util.internal.ThreadExecutorMap$2.run(ThreadExecutorMap.java:74)\n\tat io.netty.util.concurrent.FastThreadLocalRunnable.run(FastThreadLocalRunnable.java:30)\n\t... 1 more\nCaused by: io.netty.channel.AbstractChannel$AnnotatedConnectException: Connection refused: localhost/0:0:0:0:0:0:0:1:61796\nCaused by: java.net.ConnectException: Connection refused\n\tat java.base/sun.nio.ch.SocketChannelImpl.checkConnect(Native Method)\n\tat java.base/sun.nio.ch.SocketChannelImpl.finishConnect(SocketChannelImpl.java:779)\n\tat io.netty.channel.socket.nio.NioSocketChannel.doFinishConnect(NioSocketChannel.java:337)\n\tat io.netty.channel.nio.AbstractNioChannel$AbstractNioUnsafe.finishConnect(AbstractNioChannel.java:334)\n\tat io.netty.channel.nio.NioEventLoop.processSelectedKey(NioEventLoop.java:710)\n\tat io.netty.channel.nio.NioEventLoop.processSelectedKeysOptimized(NioEventLoop.java:658)\n\tat io.netty.channel.nio.NioEventLoop.processSelectedKeys(NioEventLoop.java:584)\n\tat io.netty.channel.nio.NioEventLoop.run(NioEventLoop.java:496)\n\tat io.netty.util.concurrent.SingleThreadEventExecutor$4.run(SingleThreadEventExecutor.java:997)\n\tat io.netty.util.internal.ThreadExecutorMap$2.run(ThreadExecutorMap.java:74)\n\tat io.netty.util.concurrent.FastThreadLocalRunnable.run(FastThreadLocalRunnable.java:30)\n\tat java.base/java.lang.Thread.run(Thread.java:834)\n"},"stage":"finished","steps":[],"attachments":[],"parameters":[],"start":1659459145601,"stop":1659459145689},{"name":"com.example.demo.App.AppStepDefs.tearDown()","status":"passed","stage":"finished","steps":[],"attachments":[],"parameters":[],"start":1659459145705,"stop":1659459145705},{"name":"com.example.demo.UI.UIStepdefs.tearDown()","status":"passed","stage":"finished","steps":[],"attachments":[],"parameters":[],"start":1659459145706,"stop":1659459145819}],"start":1659459106033,"stop":1659459145825}